<?xml version="1.0" encoding="UTF-8"?>
<testsuite name="minghua.optional.OptionalTest" time="0.055" tests="1" errors="1" skipped="0" failures="0">
  <properties>
[...]
</properties>
  <testcase name="testOptional" classname="minghua.optional.OptionalTest" time="0.055">
    <error type="java.lang.NullPointerException:">java.lang.NullPointerException: null
	at minghua.common.utils.P.rintln(P.java:12)
	at minghua.optional.OptionalTest.testOptional(OptionalTest.java:22)
</error>
  </testcase>
</testsuite>